[debug] [2019-07-18T05:08:48.371Z] ----------------------------------------------------------------------
[debug] [2019-07-18T05:08:48.374Z] Command:       /home/yhirochick/.nodebrew/node/v12.3.1/bin/node /home/yhirochick/.nodebrew/current/bin/firebase serve
[debug] [2019-07-18T05:08:48.374Z] CLI Version:   7.0.2
[debug] [2019-07-18T05:08:48.374Z] Platform:      linux
[debug] [2019-07-18T05:08:48.374Z] Node Version:  v12.3.1
[debug] [2019-07-18T05:08:48.651Z] Time:          Thu Jul 18 2019 14:08:48 GMT+0900 (GMT+09:00)
[debug] [2019-07-18T05:08:48.651Z] ----------------------------------------------------------------------
[debug] 
[debug] [2019-07-18T05:08:48.659Z] > command requires scopes: ["email","openid","https://www.googleapis.com/auth/cloudplatformprojects.readonly","https://www.googleapis.com/auth/firebase","https://www.googleapis.com/auth/cloud-platform"]
[debug] [2019-07-18T05:08:48.659Z] > authorizing via signed-in user
[debug] [2019-07-18T05:08:48.660Z] [iam] checking project chongsheng-jp for permissions ["firebase.projects.get"]
[debug] [2019-07-18T05:08:48.661Z] > refreshing access token with scopes: ["email","https://www.googleapis.com/auth/cloud-platform","https://www.googleapis.com/auth/cloudplatformprojects.readonly","https://www.googleapis.com/auth/firebase","openid"]
[debug] [2019-07-18T05:08:48.662Z] >>> HTTP REQUEST POST https://www.googleapis.com/oauth2/v3/token  
 <request body omitted>
[debug] [2019-07-18T05:08:49.031Z] <<< HTTP RESPONSE 200
[debug] [2019-07-18T05:08:49.045Z] >>> HTTP REQUEST POST https://cloudresourcemanager.googleapis.com/v1/projects/chongsheng-jp:testIamPermissions  

[debug] [2019-07-18T05:08:49.985Z] <<< HTTP RESPONSE 200
[debug] [2019-07-18T05:08:49.987Z] >>> HTTP REQUEST GET https://cloudresourcemanager.googleapis.com/v1/projects/chongsheng-jp  
 
[debug] [2019-07-18T05:08:50.943Z] <<< HTTP RESPONSE 200
[info] 
[info] === Serving from '/home/yhirochick/development/chongsheng-jp'...
[info] 
[warn] ⚠  Your requested "node" version "8" doesn't match your global version "12"
[debug] [2019-07-18T05:08:50.985Z] >>> HTTP REQUEST GET https://mobilesdk-pa.googleapis.com/v1/projects/291903009799/clients/_:getWebAppConfig  
 
[debug] [2019-07-18T05:08:50.986Z] >>> HTTP REQUEST GET https://mobilesdk-pa.googleapis.com/v1/projects/291903009799:getServerAppConfig  
 
[debug] [2019-07-18T05:08:51.530Z] <<< HTTP RESPONSE 200
[info] ✔  functions: Emulator started at http://localhost:5001
[debug] [2019-07-18T05:08:51.662Z] <<< HTTP RESPONSE 200
[info] i  functions: Watching "/home/yhirochick/development/chongsheng-jp/functions" for Cloud Functions...
[info] i  hosting: Serving hosting files from: dist/chongsheng-jp
[info] ✔  hosting: Local server: http://localhost:5000
[debug] [2019-07-18T05:08:52.242Z] Functions runtime initialized.
[debug] [2019-07-18T05:08:52.242Z] Disabled runtime features: {"functions_config_helper":true,"network_filtering":true,"timeout":true,"memory_limiting":true,"protect_env":true,"admin_stubs":true}
[debug] [2019-07-18T05:08:52.813Z] firebase-admin has been stubbed.
[warn] ⚠  TypeError: _onRequestWithOpts is not a function
    at Object.httpsProvider._onRequestWithOpts (/home/yhirochick/.nodebrew/node/v12.3.1/lib/node_modules/firebase-tools/lib/emulator/functionsEmulatorRuntime.js:278:24)
    at Object.httpsProvider.onRequest (/home/yhirochick/.nodebrew/node/v12.3.1/lib/node_modules/firebase-tools/lib/emulator/functionsEmulatorRuntime.js:283:34)
    at Object.<anonymous> (/home/yhirochick/development/chongsheng-jp/functions/lib/index.js:4:38)
    at Module._compile (internal/modules/cjs/loader.js:774:30)
    at Object.Module._extensions..js (internal/modules/cjs/loader.js:785:10)
    at Module.load (internal/modules/cjs/loader.js:641:32)
    at Function.Module._load (internal/modules/cjs/loader.js:556:12)
    at Module.require (internal/modules/cjs/loader.js:681:19)
    at require (internal/modules/cjs/helpers.js:16:16)
    at /home/yhirochick/.nodebrew/node/v12.3.1/lib/node_modules/firebase-tools/lib/emulator/functionsEmulatorRuntime.js:582:33
[warn] ⚠  We were unable to load your functions code. (see above)
   - You may be able to run "npm run build" in your functions directory to resolve this.
[debug] [2019-07-18T05:09:38.494Z] ----------------------------------------------------------------------
[debug] [2019-07-18T05:09:38.497Z] Command:       /home/yhirochick/.nodebrew/node/v12.3.1/bin/node /home/yhirochick/.nodebrew/current/bin/firebase serve --only functions
[debug] [2019-07-18T05:09:38.497Z] CLI Version:   7.0.2
[debug] [2019-07-18T05:09:38.497Z] Platform:      linux
[debug] [2019-07-18T05:09:38.497Z] Node Version:  v12.3.1
[debug] [2019-07-18T05:09:38.778Z] Time:          Thu Jul 18 2019 14:09:38 GMT+0900 (GMT+09:00)
[debug] [2019-07-18T05:09:38.778Z] ----------------------------------------------------------------------
[debug] 
[debug] [2019-07-18T05:09:38.787Z] > command requires scopes: ["email","openid","https://www.googleapis.com/auth/cloudplatformprojects.readonly","https://www.googleapis.com/auth/firebase","https://www.googleapis.com/auth/cloud-platform"]
[debug] [2019-07-18T05:09:38.787Z] > authorizing via signed-in user
[debug] [2019-07-18T05:09:38.787Z] [iam] checking project chongsheng-jp for permissions ["firebase.projects.get"]
[debug] [2019-07-18T05:09:38.789Z] >>> HTTP REQUEST POST https://cloudresourcemanager.googleapis.com/v1/projects/chongsheng-jp:testIamPermissions  

[debug] [2019-07-18T05:09:39.710Z] <<< HTTP RESPONSE 200
[debug] [2019-07-18T05:09:39.714Z] >>> HTTP REQUEST GET https://cloudresourcemanager.googleapis.com/v1/projects/chongsheng-jp  
 
[debug] [2019-07-18T05:09:40.580Z] <<< HTTP RESPONSE 200
[warn] ⚠  Your requested "node" version "8" doesn't match your global version "12"
[debug] [2019-07-18T05:09:40.615Z] >>> HTTP REQUEST GET https://mobilesdk-pa.googleapis.com/v1/projects/291903009799:getServerAppConfig  
 
[debug] [2019-07-18T05:09:41.026Z] <<< HTTP RESPONSE 200
[info] ✔  functions: Emulator started at http://localhost:5000
[info] i  functions: Watching "/home/yhirochick/development/chongsheng-jp/functions" for Cloud Functions...
[debug] [2019-07-18T05:09:41.589Z] Functions runtime initialized.
[debug] [2019-07-18T05:09:41.589Z] Disabled runtime features: {"functions_config_helper":true,"network_filtering":true,"timeout":true,"memory_limiting":true,"protect_env":true,"admin_stubs":true}
[debug] [2019-07-18T05:09:41.647Z] firebase-admin has been stubbed.
[warn] ⚠  TypeError: _onRequestWithOpts is not a function
    at Object.httpsProvider._onRequestWithOpts (/home/yhirochick/.nodebrew/node/v12.3.1/lib/node_modules/firebase-tools/lib/emulator/functionsEmulatorRuntime.js:278:24)
    at Object.httpsProvider.onRequest (/home/yhirochick/.nodebrew/node/v12.3.1/lib/node_modules/firebase-tools/lib/emulator/functionsEmulatorRuntime.js:283:34)
    at Object.<anonymous> (/home/yhirochick/development/chongsheng-jp/functions/lib/index.js:4:38)
    at Module._compile (internal/modules/cjs/loader.js:774:30)
    at Object.Module._extensions..js (internal/modules/cjs/loader.js:785:10)
    at Module.load (internal/modules/cjs/loader.js:641:32)
    at Function.Module._load (internal/modules/cjs/loader.js:556:12)
    at Module.require (internal/modules/cjs/loader.js:681:19)
    at require (internal/modules/cjs/helpers.js:16:16)
    at /home/yhirochick/.nodebrew/node/v12.3.1/lib/node_modules/firebase-tools/lib/emulator/functionsEmulatorRuntime.js:582:33
[warn] ⚠  We were unable to load your functions code. (see above)
   - You may be able to run "npm run build" in your functions directory to resolve this.
[debug] [2019-07-18T05:10:20.779Z] ----------------------------------------------------------------------
[debug] [2019-07-18T05:10:20.781Z] Command:       /home/yhirochick/.nodebrew/node/v12.3.1/bin/node /home/yhirochick/.nodebrew/current/bin/firebase serve --only functions
[debug] [2019-07-18T05:10:20.781Z] CLI Version:   7.0.2
[debug] [2019-07-18T05:10:20.781Z] Platform:      linux
[debug] [2019-07-18T05:10:20.781Z] Node Version:  v12.3.1
[debug] [2019-07-18T05:10:21.059Z] Time:          Thu Jul 18 2019 14:10:20 GMT+0900 (GMT+09:00)
[debug] [2019-07-18T05:10:21.059Z] ----------------------------------------------------------------------
[debug] 
[debug] [2019-07-18T05:10:21.068Z] > command requires scopes: ["email","openid","https://www.googleapis.com/auth/cloudplatformprojects.readonly","https://www.googleapis.com/auth/firebase","https://www.googleapis.com/auth/cloud-platform"]
[debug] [2019-07-18T05:10:21.068Z] > authorizing via signed-in user
[debug] [2019-07-18T05:10:21.068Z] [iam] checking project chongsheng-jp for permissions ["firebase.projects.get"]
[debug] [2019-07-18T05:10:21.070Z] >>> HTTP REQUEST POST https://cloudresourcemanager.googleapis.com/v1/projects/chongsheng-jp:testIamPermissions  

[debug] [2019-07-18T05:10:21.996Z] <<< HTTP RESPONSE 200
[debug] [2019-07-18T05:10:22.001Z] >>> HTTP REQUEST GET https://cloudresourcemanager.googleapis.com/v1/projects/chongsheng-jp  
 
[debug] [2019-07-18T05:10:22.864Z] <<< HTTP RESPONSE 200
[warn] ⚠  Your requested "node" version "8" doesn't match your global version "12"
[debug] [2019-07-18T05:10:22.902Z] >>> HTTP REQUEST GET https://mobilesdk-pa.googleapis.com/v1/projects/291903009799:getServerAppConfig  
 
[debug] [2019-07-18T05:10:23.405Z] <<< HTTP RESPONSE 200
[info] ✔  functions: Emulator started at http://localhost:5000
[info] i  functions: Watching "/home/yhirochick/development/chongsheng-jp/functions" for Cloud Functions...
[debug] [2019-07-18T05:10:23.983Z] Functions runtime initialized.
[debug] [2019-07-18T05:10:23.984Z] Disabled runtime features: {"functions_config_helper":true,"network_filtering":true,"timeout":true,"memory_limiting":true,"protect_env":true,"admin_stubs":true}
[debug] [2019-07-18T05:10:24.042Z] firebase-admin has been stubbed.
[warn] ⚠  TypeError: _onRequestWithOpts is not a function
    at Object.httpsProvider._onRequestWithOpts (/home/yhirochick/.nodebrew/node/v12.3.1/lib/node_modules/firebase-tools/lib/emulator/functionsEmulatorRuntime.js:278:24)
    at Object.httpsProvider.onRequest (/home/yhirochick/.nodebrew/node/v12.3.1/lib/node_modules/firebase-tools/lib/emulator/functionsEmulatorRuntime.js:283:34)
    at Object.<anonymous> (/home/yhirochick/development/chongsheng-jp/functions/lib/index.js:4:38)
    at Module._compile (internal/modules/cjs/loader.js:774:30)
    at Object.Module._extensions..js (internal/modules/cjs/loader.js:785:10)
    at Module.load (internal/modules/cjs/loader.js:641:32)
    at Function.Module._load (internal/modules/cjs/loader.js:556:12)
    at Module.require (internal/modules/cjs/loader.js:681:19)
    at require (internal/modules/cjs/helpers.js:16:16)
    at /home/yhirochick/.nodebrew/node/v12.3.1/lib/node_modules/firebase-tools/lib/emulator/functionsEmulatorRuntime.js:582:33
[warn] ⚠  We were unable to load your functions code. (see above)
   - You may be able to run "npm run build" in your functions directory to resolve this.
